addIngrediants info:apple/nCalories52
Volume: 140
colorjava.awt.Color[r=0,g=255,b=0]
addIngrediants info:banana/nCalories32
Volume: 140
colorjava.awt.Color[r=255,g=255,b=0]
addIngrediants info:apple/nCalories52
Volume: 140
colorjava.awt.Color[r=0,g=255,b=0]
addIngrediants info:apple/nCalories52
Volume: 140
colorjava.awt.Color[r=0,g=255,b=0]
addIngrediants info:banana/nCalories32
Volume: 140
colorjava.awt.Color[r=255,g=255,b=0]
addIngrediants info:banana/nCalories32
Volume: 140
colorjava.awt.Color[r=255,g=255,b=0]
addIngrediants info:apple/nCalories52
Volume: 140
colorjava.awt.Color[r=0,g=255,b=0]
addIngrediants info:banana/nCalories32
Volume: 140
colorjava.awt.Color[r=255,g=255,b=0]
addIngrediants info:pineapple/nCalories50
Volume: 200
colorjava.awt.Color[r=255,g=0,b=0]
addIngrediants info:organic milk/nCalories150
Volume: 240
colorjava.awt.Color[r=255,g=255,b=255]
addIngrediants info:apple/nCalories52
Volume: 140
colorjava.awt.Color[r=0,g=255,b=0]
addIngrediants info:mango/nCalories47
Volume: 170
colorjava.awt.Color[r=255,g=200,b=0]
addIngrediants info:organic milk/nCalories200
Volume: 240
colorjava.awt.Color[r=255,g=255,b=255]
addIngrediants info:Brown Suger/nCalories250
Volume: 30
colorjava.awt.Color[r=255,g=200,b=0]
Cup capacity:150
addIngrediants info:apple/nCalories52
Volume: 140
colorjava.awt.Color[r=0,g=255,b=0]
addIngrediants info:banana/nCalories32
Volume: 140
colorjava.awt.Color[r=255,g=255,b=0]
addIngrediants info:Strawberry/nCalories47
Volume: 100
colorjava.awt.Color[r=255,g=0,b=0]
addIngrediants info:organic milk/nCalories200
Volume: 240
colorjava.awt.Color[r=255,g=255,b=255]
addIngrediants info:White Suger/nCalories250
Volume: 30
colorjava.awt.Color[r=255,g=255,b=255]
Cup capacity:350
Cup capacity:200
Cup capacity:150
addIngrediants info:apple/nCalories52
Volume: 140
colorjava.awt.Color[r=0,g=255,b=0]
addIngrediants info:apple/nCalories52
Volume: 140
colorjava.awt.Color[r=0,g=255,b=0]
addIngrediants info:Strawberry/nCalories47
Volume: 100
colorjava.awt.Color[r=255,g=0,b=0]
addIngrediants info:pineapple/nCalories50
Volume: 200
colorjava.awt.Color[r=255,g=0,b=0]
Cup capacity:150
Cup capacity:200
Cup capacity:350
addIngrediants info:apple/nCalories52
Volume: 140
colorjava.awt.Color[r=0,g=255,b=0]
addIngrediants info:organic milk/nCalories200
Volume: 240
colorjava.awt.Color[r=255,g=255,b=255]
addIngrediants info:milk/nCalories200
Volume: 240
colorjava.awt.Color[r=255,g=255,b=255]
addIngrediants info:apple/nCalories52
Volume: 140
colorjava.awt.Color[r=0,g=255,b=0]
addIngrediants info:mango/nCalories47
Volume: 170
colorjava.awt.Color[r=255,g=200,b=0]
Cup capacity:150
Cup capacity:200
addIngrediants info:apple/nCalories52
Volume: 140
colorjava.awt.Color[r=0,g=255,b=0]
